******** xxx ********
******************* GDI DUMP => Date : Tue Nov 27 15:44:56 2018

W at 0x40002c00: 0x0000007f
R at 0xe000edf0: 0x01030003
W at 0xe000edf0: 0xa05f0003
R at 0xe000edf0: 0x00030003
R regId 0: 0x00000001
W at 0x40003000: 0x000000aa
W at 0x40003000: 0x00000055
W at 0x40003004: 0x00000007
W at 0x40002c04: 0x000000ff
W at 0x40002c00: 0x0000007f
W regId 0: 0x0800b400
W regId 1: 0x00002610
W regId 2: 0x20000b1c
W regId 3: 0x00000000
W regId 4: 0x00000000
W regId 5: 0x00000000
W regId 6: 0x00000000
W regId 7: 0x00000000
W regId 8: 0x00000000
W regId 9: 0x00000000
W regId 10: 0x00000000
W regId 11: 0x00000000
W regId 12: 0x00000000
W regId 13: 0x00000000
W regId 14: 0x20000001
W regId 15: 0x200000fd
W regId 16: 0x01000000
W regId 17: 0x20000afc
W regId 18: 0x00000000
W at 0xe000edf0: 0xa05f0001
W at 0x40003000: 0x000000aa
W at 0x40003000: 0x00000055
W at 0x40003004: 0x00000007
W at 0x40002c04: 0x000000ff
W at 0x40002c00: 0x0000007f
R at 0xe000edf0: 0x01010001
W at 0x40003000: 0x000000aa
W at 0x40003000: 0x00000055
W at 0x40003004: 0x00000007
W at 0x40002c04: 0x000000ff
W at 0x40002c00: 0x0000007f
R at 0xe000edf0: 0x01010001
W at 0x40003000: 0x000000aa
W at 0x40003000: 0x00000055
W at 0x40003004: 0x00000007
W at 0x40002c04: 0x000000ff
W at 0x40002c00: 0x0000007f
R at 0xe000edf0: 0x01010001
W at 0x40003000: 0x000000aa
W at 0x40003000: 0x00000055
W at 0x40003004: 0x00000007
W at 0x40002c04: 0x000000ff
W at 0x40002c00: 0x0000007f
R at 0xe000edf0: 0x01010001
W at 0x40003000: 0x000000aa
W at 0x40003000: 0x00000055
W at 0x40003004: 0x00000007
W at 0x40002c04: 0x000000ff
W at 0x40002c00: 0x0000007f
R at 0xe000edf0: 0x01010001
W at 0x40003000: 0x000000aa
W at 0x40003000: 0x00000055
W at 0x40003004: 0x00000007
W at 0x40002c04: 0x000000ff
W at 0x40002c00: 0x0000007f
R at 0xe000edf0: 0x01010001
W at 0x40003000: 0x000000aa
W at 0x40003000: 0x00000055
W at 0x40003004: 0x00000007
W at 0x40002c04: 0x000000ff
W at 0x40002c00: 0x0000007f
R at 0xe000edf0: 0x01010001
W at 0x40003000: 0x000000aa
W at 0x40003000: 0x00000055
W at 0x40003004: 0x00000007
W at 0x40002c04: 0x000000ff
W at 0x40002c00: 0x0000007f
R at 0xe000edf0: 0x01010001
W at 0x40003000: 0x000000aa
W at 0x40003000: 0x00000055
W at 0x40003004: 0x00000007
W at 0x40002c04: 0x000000ff
W at 0x40002c00: 0x0000007f
R at 0xe000edf0: 0x01010001
W at 0x40003000: 0x000000aa
W at 0x40003000: 0x00000055
W at 0x40003004: 0x00000007
W at 0x40002c04: 0x000000ff
W at 0x40002c00: 0x0000007f
R at 0xe000edf0: 0x01010001
W at 0x40003000: 0x000000aa
W at 0x40003000: 0x00000055
W at 0x40003004: 0x00000007
W at 0x40002c04: 0x000000ff
W at 0x40002c00: 0x0000007f
R at 0xe000edf0: 0x01010001
W at 0x40003000: 0x000000aa
W at 0x40003000: 0x00000055
W at 0x40003004: 0x00000007
W at 0x40002c04: 0x000000ff
W at 0x40002c00: 0x0000007f
R at 0xe000edf0: 0x01010001
W at 0x40003000: 0x000000aa
W at 0x40003000: 0x00000055
W at 0x40003004: 0x00000007
W at 0x40002c04: 0x000000ff
W at 0x40002c00: 0x0000007f
R at 0xe000edf0: 0x01010001
W at 0x40003000: 0x000000aa
W at 0x40003000: 0x00000055
W at 0x40003004: 0x00000007
W at 0x40002c04: 0x000000ff
W at 0x40002c00: 0x0000007f
R at 0xe000edf0: 0x01010001
W at 0x40003000: 0x000000aa
W at 0x40003000: 0x00000055
W at 0x40003004: 0x00000007
W at 0x40002c04: 0x000000ff
W at 0x40002c00: 0x0000007f
R at 0xe000edf0: 0x01010001
W at 0x40003000: 0x000000aa
W at 0x40003000: 0x00000055
W at 0x40003004: 0x00000007
W at 0x40002c04: 0x000000ff
W at 0x40002c00: 0x0000007f
R at 0xe000edf0: 0x01010001
W at 0x40003000: 0x000000aa
W at 0x40003000: 0x00000055
W at 0x40003004: 0x00000007
W at 0x40002c04: 0x000000ff
W at 0x40002c00: 0x0000007f
R at 0xe000edf0: 0x01010001
W at 0x40003000: 0x000000aa
W at 0x40003000: 0x00000055
W at 0x40003004: 0x00000007
W at 0x40002c04: 0x000000ff
W at 0x40002c00: 0x0000007f
R at 0xe000edf0: 0x01010001
W at 0x40003000: 0x000000aa
W at 0x40003000: 0x00000055
W at 0x40003004: 0x00000007
W at 0x40002c04: 0x000000ff
W at 0x40002c00: 0x0000007f
R at 0xe000edf0: 0x01010001
W at 0x40003000: 0x000000aa
W at 0x40003000: 0x00000055
W at 0x40003004: 0x00000007
W at 0x40002c04: 0x000000ff
W at 0x40002c00: 0x0000007f
R at 0xe000edf0: 0x01010001
W at 0x40003000: 0x000000aa
W at 0x40003000: 0x00000055
W at 0x40003004: 0x00000007
W at 0x40002c04: 0x000000ff
W at 0x40002c00: 0x0000007f
R at 0xe000edf0: 0x01010001
W at 0x40003000: 0x000000aa
W at 0x40003000: 0x00000055
W at 0x40003004: 0x00000007
W at 0x40002c04: 0x000000ff
W at 0x40002c00: 0x0000007f
R at 0xe000edf0: 0x01010001
W at 0x40003000: 0x000000aa
W at 0x40003000: 0x00000055
W at 0x40003004: 0x00000007
W at 0x40002c04: 0x000000ff
W at 0x40002c00: 0x0000007f
R at 0xe000edf0: 0x01010001
W at 0x40003000: 0x000000aa
W at 0x40003000: 0x00000055
W at 0x40003004: 0x00000007
W at 0x40002c04: 0x000000ff
W at 0x40002c00: 0x0000007f
R at 0xe000edf0: 0x01010001
W at 0x40003000: 0x000000aa
W at 0x40003000: 0x00000055
W at 0x40003004: 0x00000007
W at 0x40002c04: 0x000000ff
W at 0x40002c00: 0x0000007f
R at 0xe000edf0: 0x01030003
W at 0xe000edf0: 0xa05f0003
R at 0xe000edf0: 0x00030003
R regId 0: 0x00000001
W at 0xe000edf0: 0xa05f0003
R at 0xe000edf0: 0x00030003
R at 0xe000edf0: 0x00030003
Activating vector catch system
W at 0xe000edfc: 0x00000001
Sys reset req
W at 0xe000ed0c: 0x05fa0004
R at 0xe000ed0c: 0xfa050000
R at 0xe000edf0: 0x02010001
R at 0xe000edf0: 0x02010001
R at 0xe000edf0: 0x02010001
R at 0xe000edf0: 0x02030003
R at 0xe000edf0: 0x00030003
W regId 16: 0x01000000
W at 0xe000edfc: 0x00000000
W at 0xe000edf0: 0xa05f0001
W at 0xe000edf0: 0xa05f0000
**** End of GDI DUMP ****
